<?xml version="1.0" encoding="UTF-8"?>
<!-- Generated by org.testng.reporters.JUnitXMLReporter -->
<testsuite ignored="0" hostname="TeamOs-PC" failures="0" tests="3" name="Default test" time="16.145" errors="0" timestamp="2023-06-05T09:41:17 BDT">
  <testcase classname="Selenium4_TestNG_Jenkins_TestCase.FirstTestCase" name="testcase1" time="0.02"/>
  <testcase classname="Selenium4_TestNG_Jenkins_TestCase.FirstTestCase" name="testcase2" time="0.001"/>
  <testcase classname="Selenium4_TestNG_Jenkins_TestCase.FirstTestCase" name="testcase3" time="0.001"/>
</testsuite> <!-- Default test -->
