<?xml version="1.0" encoding="UTF-8"?>
<!-- Generated by org.testng.reporters.JUnitXMLReporter -->
<testsuite ignored="0" hostname="TeamOs-PC" failures="0" tests="3" name="Selenium4_TestNG_JenkinsTest" time="24.572" errors="0" timestamp="2023-06-05T09:48:16 BDT">
  <testcase classname="Selenium4_TestNG_Jenkins_TestCase.FirstTestCase" name="testcase1" time="0.014"/>
  <testcase classname="Selenium4_TestNG_Jenkins_TestCase.FirstTestCase" name="testcase2" time="0.002"/>
  <testcase classname="Selenium4_TestNG_Jenkins_TestCase.FirstTestCase" name="testcase3" time="0.002"/>
</testsuite> <!-- Selenium4_TestNG_JenkinsTest -->
