<?xml version="1.0" encoding="UTF-8"?>
<testng-results ignored="0" total="3" passed="3" failed="0" skipped="0">
  <reporter-output>
  </reporter-output>
  <suite started-at="2023-06-05T09:47:51 BDT" name="Suite" finished-at="2023-06-05T09:48:16 BDT" duration-ms="24572">
    <groups>
    </groups>
    <test started-at="2023-06-05T09:47:51 BDT" name="Selenium4_TestNG_JenkinsTest" finished-at="2023-06-05T09:48:16 BDT" duration-ms="24572">
      <class name="Selenium4_TestNG_Jenkins_TestCase.FirstTestCase">
        <test-method is-config="true" signature="setup()[pri:0, instance:Selenium4_TestNG_Jenkins_TestCase.FirstTestCase@5824a83d]" started-at="2023-06-05T09:47:51 BDT" name="setup" finished-at="2023-06-05T09:47:58 BDT" duration-ms="6989" status="PASS">
          <reporter-output>
          </reporter-output>
        </test-method> <!-- setup -->
        <test-method signature="testcase1()[pri:0, instance:Selenium4_TestNG_Jenkins_TestCase.FirstTestCase@5824a83d]" started-at="2023-06-05T09:47:58 BDT" name="testcase1" finished-at="2023-06-05T09:47:58 BDT" duration-ms="14" status="PASS">
          <reporter-output>
          </reporter-output>
        </test-method> <!-- testcase1 -->
        <test-method is-config="true" signature="teardown()[pri:0, instance:Selenium4_TestNG_Jenkins_TestCase.FirstTestCase@5824a83d]" started-at="2023-06-05T09:47:58 BDT" name="teardown" finished-at="2023-06-05T09:48:02 BDT" duration-ms="3361" status="PASS">
          <reporter-output>
          </reporter-output>
        </test-method> <!-- teardown -->
        <test-method is-config="true" signature="setup()[pri:0, instance:Selenium4_TestNG_Jenkins_TestCase.FirstTestCase@5824a83d]" started-at="2023-06-05T09:48:02 BDT" name="setup" finished-at="2023-06-05T09:48:05 BDT" duration-ms="3787" status="PASS">
          <reporter-output>
          </reporter-output>
        </test-method> <!-- setup -->
        <test-method signature="testcase2()[pri:0, instance:Selenium4_TestNG_Jenkins_TestCase.FirstTestCase@5824a83d]" started-at="2023-06-05T09:48:05 BDT" name="testcase2" finished-at="2023-06-05T09:48:05 BDT" duration-ms="2" status="PASS">
          <reporter-output>
          </reporter-output>
        </test-method> <!-- testcase2 -->
        <test-method is-config="true" signature="teardown()[pri:0, instance:Selenium4_TestNG_Jenkins_TestCase.FirstTestCase@5824a83d]" started-at="2023-06-05T09:48:05 BDT" name="teardown" finished-at="2023-06-05T09:48:09 BDT" duration-ms="3443" status="PASS">
          <reporter-output>
          </reporter-output>
        </test-method> <!-- teardown -->
        <test-method is-config="true" signature="setup()[pri:0, instance:Selenium4_TestNG_Jenkins_TestCase.FirstTestCase@5824a83d]" started-at="2023-06-05T09:48:09 BDT" name="setup" finished-at="2023-06-05T09:48:12 BDT" duration-ms="3415" status="PASS">
          <reporter-output>
          </reporter-output>
        </test-method> <!-- setup -->
        <test-method signature="testcase3()[pri:0, instance:Selenium4_TestNG_Jenkins_TestCase.FirstTestCase@5824a83d]" started-at="2023-06-05T09:48:12 BDT" name="testcase3" finished-at="2023-06-05T09:48:12 BDT" duration-ms="2" status="PASS">
          <reporter-output>
          </reporter-output>
        </test-method> <!-- testcase3 -->
        <test-method is-config="true" signature="teardown()[pri:0, instance:Selenium4_TestNG_Jenkins_TestCase.FirstTestCase@5824a83d]" started-at="2023-06-05T09:48:12 BDT" name="teardown" finished-at="2023-06-05T09:48:16 BDT" duration-ms="3441" status="PASS">
          <reporter-output>
          </reporter-output>
        </test-method> <!-- teardown -->
      </class> <!-- Selenium4_TestNG_Jenkins_TestCase.FirstTestCase -->
    </test> <!-- Selenium4_TestNG_JenkinsTest -->
  </suite> <!-- Suite -->
</testng-results>
